  FileName.cpp
C:\Users\Макар\Информатика\1 сем\C++\Project1\Project1\FileName.cpp(9,10): error C2679: бинарный "<<": не найден оператор, принимающий правый операнд типа "void" (или приемлемое преобразование отсутствует)
      C:\Program Files\Microsoft Visual Studio\2022\Community\VC\Tools\MSVC\14.44.35207\include\__msvc_ostream.hpp(480,39):
      может быть "std::basic_ostream<char,std::char_traits<char>> &std::basic_ostream<char,std::char_traits<char>>::operator <<(std::basic_streambuf<char,std::char_traits<char>> *)"
          C:\Users\Макар\Информатика\1 сем\C++\Project1\Project1\FileName.cpp(9,10):
          "std::basic_ostream<char,std::char_traits<char>> &std::basic_ostream<char,std::char_traits<char>>::operator <<(std::basic_streambuf<char,std::char_traits<char>> *)": невозможно преобразовать аргумент 2 из "void" в "std::basic_streambuf<char,std::char_traits<char>> *"
              C:\Users\Макар\Информатика\1 сем\C++\Project1\Project1\FileName.cpp(9,24):
              Выражение, имеющее тип void, нельзя преобразовать в другой тип
      C:\Program Files\Microsoft Visual Studio\2022\Community\VC\Tools\MSVC\14.44.35207\include\__msvc_ostream.hpp(448,39):
      или       "std::basic_ostream<char,std::char_traits<char>> &std::basic_ostream<char,std::char_traits<char>>::operator <<(const void *)"
          C:\Users\Макар\Информатика\1 сем\C++\Project1\Project1\FileName.cpp(9,10):
          "std::basic_ostream<char,std::char_traits<char>> &std::basic_ostream<char,std::char_traits<char>>::operator <<(const void *)": невозможно преобразовать аргумент 2 из "void" в "const void *"
              C:\Users\Макар\Информатика\1 сем\C++\Project1\Project1\FileName.cpp(9,24):
              Выражение, имеющее тип void, нельзя преобразовать в другой тип
      C:\Program Files\Microsoft Visual Studio\2022\Community\VC\Tools\MSVC\14.44.35207\include\__msvc_ostream.hpp(430,39):
      или       "std::basic_ostream<char,std::char_traits<char>> &std::basic_ostream<char,std::char_traits<char>>::operator <<(long double)"
          C:\Users\Макар\Информатика\1 сем\C++\Project1\Project1\FileName.cpp(9,10):
          "std::basic_ostream<char,std::char_traits<char>> &std::basic_ostream<char,std::char_traits<char>>::operator <<(long double)": невозможно преобразовать аргумент 2 из "void" в "long double"
              C:\Users\Макар\Информатика\1 сем\C++\Project1\Project1\FileName.cpp(9,24):
              Выражение, имеющее тип void, нельзя преобразовать в другой тип
      C:\Program Files\Microsoft Visual Studio\2022\Community\VC\Tools\MSVC\14.44.35207\include\__msvc_ostream.hpp(412,39):
      или       "std::basic_ostream<char,std::char_traits<char>> &std::basic_ostream<char,std::char_traits<char>>::operator <<(double)"
          C:\Users\Макар\Информатика\1 сем\C++\Project1\Project1\FileName.cpp(9,10):
          "std::basic_ostream<char,std::char_traits<char>> &std::basic_ostream<char,std::char_traits<char>>::operator <<(double)": невозможно преобразовать аргумент 2 из "void" в "double"
              C:\Users\Макар\Информатика\1 сем\C++\Project1\Project1\FileName.cpp(9,24):
              Выражение, имеющее тип void, нельзя преобразовать в другой тип
      C:\Program Files\Microsoft Visual Studio\2022\Community\VC\Tools\MSVC\14.44.35207\include\__msvc_ostream.hpp(394,39):
      или       "std::basic_ostream<char,std::char_traits<char>> &std::basic_ostream<char,std::char_traits<char>>::operator <<(float)"
          C:\Users\Макар\Информатика\1 сем\C++\Project1\Project1\FileName.cpp(9,10):
          "std::basic_ostream<char,std::char_traits<char>> &std::basic_ostream<char,std::char_traits<char>>::operator <<(float)": невозможно преобразовать аргумент 2 из "void" в "float"
              C:\Users\Макар\Информатика\1 сем\C++\Project1\Project1\FileName.cpp(9,24):
              Выражение, имеющее тип void, нельзя преобразовать в другой тип
      C:\Program Files\Microsoft Visual Studio\2022\Community\VC\Tools\MSVC\14.44.35207\include\__msvc_ostream.hpp(376,39):
      или       "std::basic_ostream<char,std::char_traits<char>> &std::basic_ostream<char,std::char_traits<char>>::operator <<(unsigned __int64)"
          C:\Users\Макар\Информатика\1 сем\C++\Project1\Project1\FileName.cpp(9,10):
          "std::basic_ostream<char,std::char_traits<char>> &std::basic_ostream<char,std::char_traits<char>>::operator <<(unsigned __int64)": невозможно преобразовать аргумент 2 из "void" в "unsigned __int64"
              C:\Users\Макар\Информатика\1 сем\C++\Project1\Project1\FileName.cpp(9,24):
              Выражение, имеющее тип void, нельзя преобразовать в другой тип
      C:\Program Files\Microsoft Visual Studio\2022\Community\VC\Tools\MSVC\14.44.35207\include\__msvc_ostream.hpp(358,39):
      или       "std::basic_ostream<char,std::char_traits<char>> &std::basic_ostream<char,std::char_traits<char>>::operator <<(__int64)"
          C:\Users\Макар\Информатика\1 сем\C++\Project1\Project1\FileName.cpp(9,10):
          "std::basic_ostream<char,std::char_traits<char>> &std::basic_ostream<char,std::char_traits<char>>::operator <<(__int64)": невозможно преобразовать аргумент 2 из "void" в "__int64"
              C:\Users\Макар\Информатика\1 сем\C++\Project1\Project1\FileName.cpp(9,24):
              Выражение, имеющее тип void, нельзя преобразовать в другой тип
      C:\Program Files\Microsoft Visual Studio\2022\Community\VC\Tools\MSVC\14.44.35207\include\__msvc_ostream.hpp(340,39):
      или       "std::basic_ostream<char,std::char_traits<char>> &std::basic_ostream<char,std::char_traits<char>>::operator <<(unsigned long)"
          C:\Users\Макар\Информатика\1 сем\C++\Project1\Project1\FileName.cpp(9,10):
          "std::basic_ostream<char,std::char_traits<char>> &std::basic_ostream<char,std::char_traits<char>>::operator <<(unsigned long)": невозможно преобразовать аргумент 2 из "void" в "unsigned long"
              C:\Users\Макар\Информатика\1 сем\C++\Project1\Project1\FileName.cpp(9,24):
              Выражение, имеющее тип void, нельзя преобразовать в другой тип
      C:\Program Files\Microsoft Visual Studio\2022\Community\VC\Tools\MSVC\14.44.35207\include\__msvc_ostream.hpp(322,39):
      или       "std::basic_ostream<char,std::char_traits<char>> &std::basic_ostream<char,std::char_traits<char>>::operator <<(long)"
          C:\Users\Макар\Информатика\1 сем\C++\Project1\Project1\FileName.cpp(9,10):
          "std::basic_ostream<char,std::char_traits<char>> &std::basic_ostream<char,std::char_traits<char>>::operator <<(long)": невозможно преобразовать аргумент 2 из "void" в "long"
              C:\Users\Макар\Информатика\1 сем\C++\Project1\Project1\FileName.cpp(9,24):
              Выражение, имеющее тип void, нельзя преобразовать в другой тип
      C:\Program Files\Microsoft Visual Studio\2022\Community\VC\Tools\MSVC\14.44.35207\include\__msvc_ostream.hpp(303,39):
      или       "std::basic_ostream<char,std::char_traits<char>> &std::basic_ostream<char,std::char_traits<char>>::operator <<(unsigned int)"
          C:\Users\Макар\Информатика\1 сем\C++\Project1\Project1\FileName.cpp(9,10):
          "std::basic_ostream<char,std::char_traits<char>> &std::basic_ostream<char,std::char_traits<char>>::operator <<(unsigned int)": невозможно преобразовать аргумент 2 из "void" в "unsigned int"
              C:\Users\Макар\Информатика\1 сем\C++\Project1\Project1\FileName.cpp(9,24):
              Выражение, имеющее тип void, нельзя преобразовать в другой тип
      C:\Program Files\Microsoft Visual Studio\2022\Community\VC\Tools\MSVC\14.44.35207\include\__msvc_ostream.hpp(277,39):
      или       "std::basic_ostream<char,std::char_traits<char>> &std::basic_ostream<char,std::char_traits<char>>::operator <<(int)"
          C:\Users\Макар\Информатика\1 сем\C++\Project1\Project1\FileName.cpp(9,10):
          "std::basic_ostream<char,std::char_traits<char>> &std::basic_ostream<char,std::char_traits<char>>::operator <<(int)": невозможно преобразовать аргумент 2 из "void" в "int"
              C:\Users\Макар\Информатика\1 сем\C++\Project1\Project1\FileName.cpp(9,24):
              Выражение, имеющее тип void, нельзя преобразовать в другой тип
      C:\Program Files\Microsoft Visual Studio\2022\Community\VC\Tools\MSVC\14.44.35207\include\__msvc_ostream.hpp(258,39):
      или       "std::basic_ostream<char,std::char_traits<char>> &std::basic_ostream<char,std::char_traits<char>>::operator <<(unsigned short)"
          C:\Users\Макар\Информатика\1 сем\C++\Project1\Project1\FileName.cpp(9,10):
          "std::basic_ostream<char,std::char_traits<char>> &std::basic_ostream<char,std::char_traits<char>>::operator <<(unsigned short)": невозможно преобразовать аргумент 2 из "void" в "unsigned short"
              C:\Users\Макар\Информатика\1 сем\C++\Project1\Project1\FileName.cpp(9,24):
              Выражение, имеющее тип void, нельзя преобразовать в другой тип
      C:\Program Files\Microsoft Visual Studio\2022\Community\VC\Tools\MSVC\14.44.35207\include\__msvc_ostream.hpp(224,39):
      или       "std::basic_ostream<char,std::char_traits<char>> &std::basic_ostream<char,std::char_traits<char>>::operator <<(short)"
          C:\Users\Макар\Информатика\1 сем\C++\Project1\Project1\FileName.cpp(9,10):
          "std::basic_ostream<char,std::char_traits<char>> &std::basic_ostream<char,std::char_traits<char>>::operator <<(short)": невозможно преобразовать аргумент 2 из "void" в "short"
              C:\Users\Макар\Информатика\1 сем\C++\Project1\Project1\FileName.cpp(9,24):
              Выражение, имеющее тип void, нельзя преобразовать в другой тип
      C:\Program Files\Microsoft Visual Studio\2022\Community\VC\Tools\MSVC\14.44.35207\include\__msvc_ostream.hpp(206,39):
      или       "std::basic_ostream<char,std::char_traits<char>> &std::basic_ostream<char,std::char_traits<char>>::operator <<(bool)"
          C:\Users\Макар\Информатика\1 сем\C++\Project1\Project1\FileName.cpp(9,10):
          "std::basic_ostream<char,std::char_traits<char>> &std::basic_ostream<char,std::char_traits<char>>::operator <<(bool)": невозможно преобразовать аргумент 2 из "void" в "bool"
              C:\Users\Макар\Информатика\1 сем\C++\Project1\Project1\FileName.cpp(9,24):
              Выражение, имеющее тип void, нельзя преобразовать в другой тип
      C:\Program Files\Microsoft Visual Studio\2022\Community\VC\Tools\MSVC\14.44.35207\include\__msvc_ostream.hpp(200,39):
      или       "std::basic_ostream<char,std::char_traits<char>> &std::basic_ostream<char,std::char_traits<char>>::operator <<(std::ios_base &(__cdecl *)(std::ios_base &))"
          C:\Users\Макар\Информатика\1 сем\C++\Project1\Project1\FileName.cpp(9,10):
          "std::basic_ostream<char,std::char_traits<char>> &std::basic_ostream<char,std::char_traits<char>>::operator <<(std::ios_base &(__cdecl *)(std::ios_base &))": невозможно преобразовать аргумент 2 из "void" в "std::ios_base &(__cdecl *)(std::ios_base &)"
              C:\Users\Макар\Информатика\1 сем\C++\Project1\Project1\FileName.cpp(9,24):
              Выражение, имеющее тип void, нельзя преобразовать в другой тип
      C:\Program Files\Microsoft Visual Studio\2022\Community\VC\Tools\MSVC\14.44.35207\include\__msvc_ostream.hpp(194,39):
      или       "std::basic_ostream<char,std::char_traits<char>> &std::basic_ostream<char,std::char_traits<char>>::operator <<(std::basic_ios<char,std::char_traits<char>> &(__cdecl *)(std::basic_ios<char,std::char_traits<char>> &))"
          C:\Users\Макар\Информатика\1 сем\C++\Project1\Project1\FileName.cpp(9,10):
          "std::basic_ostream<char,std::char_traits<char>> &std::basic_ostream<char,std::char_traits<char>>::operator <<(std::basic_ios<char,std::char_traits<char>> &(__cdecl *)(std::basic_ios<char,std::char_traits<char>> &))": невозможно преобразовать аргумент 2 из "void" в "std::basic_ios<char,std::char_traits<char>> &(__cdecl *)(std::basic_ios<char,std::char_traits<char>> &)"
              C:\Users\Макар\Информатика\1 сем\C++\Project1\Project1\FileName.cpp(9,24):
              Выражение, имеющее тип void, нельзя преобразовать в другой тип
      C:\Program Files\Microsoft Visual Studio\2022\Community\VC\Tools\MSVC\14.44.35207\include\__msvc_ostream.hpp(189,39):
      или       "std::basic_ostream<char,std::char_traits<char>> &std::basic_ostream<char,std::char_traits<char>>::operator <<(std::basic_ostream<char,std::char_traits<char>> &(__cdecl *)(std::basic_ostream<char,std::char_traits<char>> &))"
          C:\Users\Макар\Информатика\1 сем\C++\Project1\Project1\FileName.cpp(9,10):
          "std::basic_ostream<char,std::char_traits<char>> &std::basic_ostream<char,std::char_traits<char>>::operator <<(std::basic_ostream<char,std::char_traits<char>> &(__cdecl *)(std::basic_ostream<char,std::char_traits<char>> &))": невозможно преобразовать аргумент 2 из "void" в "std::basic_ostream<char,std::char_traits<char>> &(__cdecl *)(std::basic_ostream<char,std::char_traits<char>> &)"
              C:\Users\Макар\Информатика\1 сем\C++\Project1\Project1\FileName.cpp(9,24):
              Выражение, имеющее тип void, нельзя преобразовать в другой тип
      C:\Program Files\Microsoft Visual Studio\2022\Community\VC\Tools\MSVC\14.44.35207\include\xstring(3444,32):
      или       "std::basic_ostream<_Elem,_Traits> &std::operator <<(std::basic_ostream<_Elem,_Traits> &,const std::basic_string<_Elem,_Traits,_Alloc> &)"
          C:\Users\Макар\Информатика\1 сем\C++\Project1\Project1\FileName.cpp(9,10):
          'std::basic_ostream<_Elem,_Traits> &std::operator <<(std::basic_ostream<_Elem,_Traits> &,const std::basic_string<_Elem,_Traits,_Alloc> &)': не удалось вывести аргумент шаблон для 'const std::basic_string<_Elem,_Traits,_Alloc> &' из 'void'
      C:\Program Files\Microsoft Visual Studio\2022\Community\VC\Tools\MSVC\14.44.35207\include\memory(1984,32):
      или       "std::basic_ostream<_Elem,_Traits> &std::operator <<(std::basic_ostream<_Elem,_Traits> &,const std::shared_ptr<_Ty> &)"
          C:\Users\Макар\Информатика\1 сем\C++\Project1\Project1\FileName.cpp(9,10):
          'std::basic_ostream<_Elem,_Traits> &std::operator <<(std::basic_ostream<_Elem,_Traits> &,const std::shared_ptr<_Ty> &)': не удалось вывести аргумент шаблон для 'const std::shared_ptr<_Ty> &' из 'void'
      C:\Program Files\Microsoft Visual Studio\2022\Community\VC\Tools\MSVC\14.44.35207\include\memory(3792,32):
      или       "std::basic_ostream<_Elem,_Traits> &std::operator <<(std::basic_ostream<_Elem,_Traits> &,const std::unique_ptr<_Ty2,_Dx2> &)"
          C:\Users\Макар\Информатика\1 сем\C++\Project1\Project1\FileName.cpp(9,10):
          'std::basic_ostream<_Elem,_Traits> &std::operator <<(std::basic_ostream<_Elem,_Traits> &,const std::unique_ptr<_Ty2,_Dx2> &)': не удалось вывести аргумент шаблон для 'const std::unique_ptr<_Ty2,_Dx2> &' из 'void'
      C:\Program Files\Microsoft Visual Studio\2022\Community\VC\Tools\MSVC\14.44.35207\include\__msvc_ostream.hpp(688,32):
      или       "std::basic_ostream<_Elem,_Traits> &std::operator <<(std::basic_ostream<_Elem,_Traits> &,const char *)"
          C:\Users\Макар\Информатика\1 сем\C++\Project1\Project1\FileName.cpp(9,24):
          инициализация: невозможно преобразовать "void" в "const char *"
              C:\Users\Макар\Информатика\1 сем\C++\Project1\Project1\FileName.cpp(9,24):
              Выражение, имеющее тип void, нельзя преобразовать в другой тип
      C:\Program Files\Microsoft Visual Studio\2022\Community\VC\Tools\MSVC\14.44.35207\include\__msvc_ostream.hpp(732,32):
      или       "std::basic_ostream<_Elem,_Traits> &std::operator <<(std::basic_ostream<_Elem,_Traits> &,char)"
          C:\Users\Макар\Информатика\1 сем\C++\Project1\Project1\FileName.cpp(9,24):
          инициализация: невозможно преобразовать "void" в "char"
              C:\Users\Макар\Информатика\1 сем\C++\Project1\Project1\FileName.cpp(9,24):
              Выражение, имеющее тип void, нельзя преобразовать в другой тип
      C:\Program Files\Microsoft Visual Studio\2022\Community\VC\Tools\MSVC\14.44.35207\include\__msvc_ostream.hpp(768,31):
      или       "std::basic_ostream<char,_Traits> &std::operator <<(std::basic_ostream<char,_Traits> &,const char *)"
          C:\Users\Макар\Информатика\1 сем\C++\Project1\Project1\FileName.cpp(9,24):
          инициализация: невозможно преобразовать "void" в "const char *"
              C:\Users\Макар\Информатика\1 сем\C++\Project1\Project1\FileName.cpp(9,24):
              Выражение, имеющее тип void, нельзя преобразовать в другой тип
      C:\Program Files\Microsoft Visual Studio\2022\Community\VC\Tools\MSVC\14.44.35207\include\__msvc_ostream.hpp(813,31):
      или       "std::basic_ostream<char,_Traits> &std::operator <<(std::basic_ostream<char,_Traits> &,char)"
          C:\Users\Макар\Информатика\1 сем\C++\Project1\Project1\FileName.cpp(9,24):
          инициализация: невозможно преобразовать "void" в "char"
              C:\Users\Макар\Информатика\1 сем\C++\Project1\Project1\FileName.cpp(9,24):
              Выражение, имеющее тип void, нельзя преобразовать в другой тип
      C:\Program Files\Microsoft Visual Studio\2022\Community\VC\Tools\MSVC\14.44.35207\include\__msvc_ostream.hpp(851,32):
      или       "std::basic_ostream<_Elem,_Traits> &std::operator <<(std::basic_ostream<_Elem,_Traits> &,const _Elem *)"
          C:\Users\Макар\Информатика\1 сем\C++\Project1\Project1\FileName.cpp(9,10):
          'std::basic_ostream<_Elem,_Traits> &std::operator <<(std::basic_ostream<_Elem,_Traits> &,const _Elem *)': не удалось вывести аргумент шаблон для 'const _Elem *' из 'void'
      C:\Program Files\Microsoft Visual Studio\2022\Community\VC\Tools\MSVC\14.44.35207\include\__msvc_ostream.hpp(894,32):
      или       "std::basic_ostream<_Elem,_Traits> &std::operator <<(std::basic_ostream<_Elem,_Traits> &,_Elem)"
          C:\Users\Макар\Информатика\1 сем\C++\Project1\Project1\FileName.cpp(9,10):
          "std::basic_ostream<_Elem,_Traits> &std::operator <<(std::basic_ostream<_Elem,_Traits> &,_Elem)": в шаблон параметр "_Elem" неоднозначен
              C:\Users\Макар\Информатика\1 сем\C++\Project1\Project1\FileName.cpp(9,10):
              может быть "void"
              C:\Users\Макар\Информатика\1 сем\C++\Project1\Project1\FileName.cpp(9,10):
              или       "char"
          C:\Users\Макар\Информатика\1 сем\C++\Project1\Project1\FileName.cpp(9,10):
          'std::basic_ostream<_Elem,_Traits> &std::operator <<(std::basic_ostream<_Elem,_Traits> &,_Elem)': не удалось вывести аргумент шаблон для '_Elem' из 'void'
      C:\Program Files\Microsoft Visual Studio\2022\Community\VC\Tools\MSVC\14.44.35207\include\__msvc_ostream.hpp(930,31):
      или       "std::basic_ostream<char,_Traits> &std::operator <<(std::basic_ostream<char,_Traits> &,const signed char *)"
          C:\Users\Макар\Информатика\1 сем\C++\Project1\Project1\FileName.cpp(9,24):
          инициализация: невозможно преобразовать "void" в "const signed char *"
              C:\Users\Макар\Информатика\1 сем\C++\Project1\Project1\FileName.cpp(9,24):
              Выражение, имеющее тип void, нельзя преобразовать в другой тип
      C:\Program Files\Microsoft Visual Studio\2022\Community\VC\Tools\MSVC\14.44.35207\include\__msvc_ostream.hpp(936,31):
      или       "std::basic_ostream<char,_Traits> &std::operator <<(std::basic_ostream<char,_Traits> &,signed char)"
          C:\Users\Макар\Информатика\1 сем\C++\Project1\Project1\FileName.cpp(9,24):
          инициализация: невозможно преобразовать "void" в "signed char"
              C:\Users\Макар\Информатика\1 сем\C++\Project1\Project1\FileName.cpp(9,24):
              Выражение, имеющее тип void, нельзя преобразовать в другой тип
      C:\Program Files\Microsoft Visual Studio\2022\Community\VC\Tools\MSVC\14.44.35207\include\__msvc_ostream.hpp(941,31):
      или       "std::basic_ostream<char,_Traits> &std::operator <<(std::basic_ostream<char,_Traits> &,const unsigned char *)"
          C:\Users\Макар\Информатика\1 сем\C++\Project1\Project1\FileName.cpp(9,24):
          инициализация: невозможно преобразовать "void" в "const unsigned char *"
              C:\Users\Макар\Информатика\1 сем\C++\Project1\Project1\FileName.cpp(9,24):
              Выражение, имеющее тип void, нельзя преобразовать в другой тип
      C:\Program Files\Microsoft Visual Studio\2022\Community\VC\Tools\MSVC\14.44.35207\include\__msvc_ostream.hpp(947,31):
      или       "std::basic_ostream<char,_Traits> &std::operator <<(std::basic_ostream<char,_Traits> &,unsigned char)"
          C:\Users\Макар\Информатика\1 сем\C++\Project1\Project1\FileName.cpp(9,24):
          инициализация: невозможно преобразовать "void" в "unsigned char"
              C:\Users\Макар\Информатика\1 сем\C++\Project1\Project1\FileName.cpp(9,24):
              Выражение, имеющее тип void, нельзя преобразовать в другой тип
      C:\Program Files\Microsoft Visual Studio\2022\Community\VC\Tools\MSVC\14.44.35207\include\__msvc_ostream.hpp(1005,9):
      или       "_Ostr &&std::operator <<(_Ostr &&,const _Ty &)"
          C:\Users\Макар\Информатика\1 сем\C++\Project1\Project1\FileName.cpp(9,10):
          "_Ostr &&std::operator <<(_Ostr &&,const _Ty &)": не удается вывести аргумент шаблон для "__formal"
              C:\Program Files\Microsoft Visual Studio\2022\Community\VC\Tools\MSVC\14.44.35207\include\__msvc_ostream.hpp(1004,103):
              "<template-parameter>": невозможно создать указатель на ссылку
      C:\Program Files\Microsoft Visual Studio\2022\Community\VC\Tools\MSVC\14.44.35207\include\__msvc_ostream.hpp(1031,32):
      или       "std::basic_ostream<_Elem,_Traits> &std::operator <<(std::basic_ostream<_Elem,_Traits> &,const std::error_code &)"
          C:\Users\Макар\Информатика\1 сем\C++\Project1\Project1\FileName.cpp(9,24):
          инициализация: невозможно преобразовать "void" в "const std::error_code &"
              C:\Users\Макар\Информатика\1 сем\C++\Project1\Project1\FileName.cpp(9,24):
              Выражение, имеющее тип void, нельзя преобразовать в другой тип
      C:\Users\Макар\Информатика\1 сем\C++\Project1\Project1\FileName.cpp(9,10):
      при попытке сопоставить список аргументов "(std::ostream, void)"
  
